Arguments: 
  /usr/local/Cellar/node/7.9.0/bin/node /usr/local/bin/yarn add babel-loader --save

PATH: 
  /usr/local/bin:/usr/bin:/bin:/usr/sbin:/sbin:/usr/local/lib/node_modules

Yarn version: 
  0.23.3

Node version: 
  7.9.0

Platform: 
  darwin x64

npm manifest: 
  {
    "name": "ryan-webpack",
    "version": "1.0.0",
    "description": "",
    "main": "index.js",
    "scripts": {
      "test": "echo \"Error: no test specified\" && exit 1",
      "dev": "webpack-dev-server --devtool eval --progress --colors -d --watch --content-base build`"
    },
    "author": "",
    "license": "ISC",
    "devDependencies": {
      "babel-core": "^6.24.1",
      "babel-eslint": "^7.2.3",
      "babel-loader": "^7.0.0",
      "babel-preset-es2015": "^6.24.1",
      "babel-preset-react": "^6.24.1",
      "html-webpack-plugin": "^2.28.0",
      "webpack": "^2.4.1",
      "webpack-dev-server": "^2.4.5"
    },
    "dependencies": {
      "react": "^15.5.4",
      "react-dom": "^15.5.4"
    }
  }

yarn manifest: 
  No manifest

Lockfile: 
  No lockfile

Trace: 
  Error: https://registry.yarnpkg.com/babel-preset-es2015: ETIMEDOUT
      at Timeout._onTimeout (/usr/local/Cellar/yarn/0.23.3/libexec/node_modules/request/request.js:852:19)
      at ontimeout (timers.js:386:14)
      at tryOnTimeout (timers.js:250:5)
      at Timer.listOnTimeout (timers.js:214:5)
